<?xml version="1.0" encoding="UTF-8"?>
<beans xmlns="http://www.springframework.org/schema/beans"
       xmlns:xsi="http://www.w3.org/2001/XMLSchema-instance"
       xmlns:context="http://www.springframework.org/schema/context"
       xmlns:util="http://www.springframework.org/schema/util"
       xmlns:jpa="http://www.springframework.org/schema/data/jpa"
       xmlns:jdbc="http://www.springframework.org/schema/jdbc"
       xmlns:tx="http://www.springframework.org/schema/tx"
       xsi:schemaLocation="http://www.springframework.org/schema/beans http://www.springframework.org/schema/beans/spring-beans-3.2.xsd
           http://www.springframework.org/schema/context http://www.springframework.org/schema/context/spring-context-3.2.xsd
           http://www.springframework.org/schema/util http://www.springframework.org/schema/util/spring-util-3.2.xsd
           http://www.springframework.org/schema/data/jpa http://www.springframework.org/schema/data/jpa/spring-jpa-1.0.xsd
           http://www.springframework.org/schema/tx http://www.springframework.org/schema/tx/spring-tx-3.2.xsd
           http://www.springframework.org/schema/jdbc http://www.springframework.org/schema/jdbc/spring-jdbc-3.0.xsd">
 
    <context:component-scan	base-package="com.coupang.link">
		<context:exclude-filter type="annotation" expression="org.springframework.stereotype.Controller" />
	</context:component-scan>
	
    <context:property-placeholder location="classpath:application.properties"/>
 
    <!-- BoneCP configuration -->
    <bean id="mainDataSource" class="com.jolbox.bonecp.BoneCPDataSource" destroy-method="close">
        <property name="driverClass" value="${database.driverClassName}" />
        <property name="jdbcUrl" value="${database.url}" />
        <property name="username" value="${database.username}"/>
        <property name="password" value="${database.password}"/>
        <property name="idleConnectionTestPeriodInMinutes" value="60"/>
        <property name="idleMaxAgeInMinutes" value="240"/>
        <property name="maxConnectionsPerPartition" value="30"/>
        <property name="minConnectionsPerPartition" value="10"/>
        <property name="partitionCount" value="3"/>
        <property name="acquireIncrement" value="5"/>
        <property name="statementsCacheSize" value="100"/>
        <property name="releaseHelperThreads" value="3"/>
    </bean>
    
    <jdbc:embedded-database id="mainDataSource">
    	<jdbc:script location="classpath:sql/hsql-ddl.sql" />
    	<jdbc:script location="classpath:sql/sample-data.sql" />
    </jdbc:embedded-database>
    <!-- SPRING - JPA -->
    <jpa:repositories base-package="com.ultrawav.helloaws.repository" />
    
    <bean id="jpaDialect" class ="org.springframework.orm.jpa.vendor.HibernateJpaDialect" />
 
    <bean class="org.springframework.orm.jpa.JpaTransactionManager" id="transactionManager">
        <property name="entityManagerFactory" ref="entityManagerFactory" />
    </bean>
 
    <bean id="entityManagerFactory" class="org.springframework.orm.jpa.LocalContainerEntityManagerFactoryBean">
        <property name="dataSource" ref="mainDataSource" />
        <property name="persistenceXmlLocation" value="classpath:META-INF/persistence.xml" />
        <property name="persistenceUnitName" value="mytemplate" />
        <property name="jpaDialect" ref="jpaDialect" />
    </bean>
    
    <tx:annotation-driven transaction-manager="transactionManager" />
    
</beans>